<?xml version="1.0" encoding="UTF-8"?>
<testsuite xmlns:xsi="http://www.w3.org/2001/XMLSchema-instance" xsi:noNamespaceSchemaLocation="https://maven.apache.org/surefire/maven-surefire-plugin/xsd/surefire-test-report.xsd" name="weshare.api.dto.ExpenseDTOTests" time="0.001" tests="1" errors="0" skipped="0" failures="0">
  <properties>
    <property name="java.specification.version" value="17"/>
    <property name="sun.jnu.encoding" value="UTF-8"/>
    <property name="java.class.path" value="/home/ayandat/Downloads/demofoTUT/target/test-classes:/home/ayandat/Downloads/demofoTUT/target/classes:/home/ayandat/.m2/repository/javax/validation/validation-api/2.0.1.Final/validation-api-2.0.1.Final.jar:/home/ayandat/.m2/repository/io/javalin/javalin-bundle/5.2.0/javalin-bundle-5.2.0.jar:/home/ayandat/.m2/repository/io/javalin/javalin/5.2.0/javalin-5.2.0.jar:/home/ayandat/.m2/repository/org/eclipse/jetty/jetty-server/11.0.12/jetty-server-11.0.12.jar:/home/ayandat/.m2/repository/org/eclipse/jetty/toolchain/jetty-jakarta-servlet-api/5.0.2/jetty-jakarta-servlet-api-5.0.2.jar:/home/ayandat/.m2/repository/org/eclipse/jetty/jetty-http/11.0.12/jetty-http-11.0.12.jar:/home/ayandat/.m2/repository/org/eclipse/jetty/jetty-webapp/11.0.12/jetty-webapp-11.0.12.jar:/home/ayandat/.m2/repository/org/eclipse/jetty/jetty-servlet/11.0.12/jetty-servlet-11.0.12.jar:/home/ayandat/.m2/repository/org/eclipse/jetty/jetty-security/11.0.12/jetty-security-11.0.12.jar:/home/ayandat/.m2/repository/org/eclipse/jetty/jetty-xml/11.0.12/jetty-xml-11.0.12.jar:/home/ayandat/.m2/repository/org/eclipse/jetty/websocket/websocket-jetty-server/11.0.12/websocket-jetty-server-11.0.12.jar:/home/ayandat/.m2/repository/org/eclipse/jetty/websocket/websocket-jetty-common/11.0.12/websocket-jetty-common-11.0.12.jar:/home/ayandat/.m2/repository/org/eclipse/jetty/websocket/websocket-core-common/11.0.12/websocket-core-common-11.0.12.jar:/home/ayandat/.m2/repository/org/eclipse/jetty/websocket/websocket-servlet/11.0.12/websocket-servlet-11.0.12.jar:/home/ayandat/.m2/repository/org/eclipse/jetty/websocket/websocket-core-server/11.0.12/websocket-core-server-11.0.12.jar:/home/ayandat/.m2/repository/org/eclipse/jetty/jetty-annotations/11.0.12/jetty-annotations-11.0.12.jar:/home/ayandat/.m2/repository/org/eclipse/jetty/jetty-plus/11.0.12/jetty-plus-11.0.12.jar:/home/ayandat/.m2/repository/jakarta/transaction/jakarta.transaction-api/2.0.0/jakarta.transaction-api-2.0.0.jar:/home/ayandat/.m2/repository/org/eclipse/jetty/jetty-jndi/11.0.12/jetty-jndi-11.0.12.jar:/home/ayandat/.m2/repository/jakarta/annotation/jakarta.annotation-api/2.1.1/jakarta.annotation-api-2.1.1.jar:/home/ayandat/.m2/repository/org/ow2/asm/asm/9.3/asm-9.3.jar:/home/ayandat/.m2/repository/org/ow2/asm/asm-commons/9.3/asm-commons-9.3.jar:/home/ayandat/.m2/repository/org/ow2/asm/asm-tree/9.3/asm-tree-9.3.jar:/home/ayandat/.m2/repository/org/ow2/asm/asm-analysis/9.3/asm-analysis-9.3.jar:/home/ayandat/.m2/repository/org/eclipse/jetty/websocket/websocket-jetty-api/11.0.12/websocket-jetty-api-11.0.12.jar:/home/ayandat/.m2/repository/io/javalin/javalin-testtools/5.2.0/javalin-testtools-5.2.0.jar:/home/ayandat/.m2/repository/com/squareup/okhttp3/okhttp/4.10.0/okhttp-4.10.0.jar:/home/ayandat/.m2/repository/com/squareup/okio/okio-jvm/3.0.0/okio-jvm-3.0.0.jar:/home/ayandat/.m2/repository/io/javalin/javalin-micrometer/5.2.0/javalin-micrometer-5.2.0.jar:/home/ayandat/.m2/repository/io/micrometer/micrometer-core/1.10.1/micrometer-core-1.10.1.jar:/home/ayandat/.m2/repository/io/micrometer/micrometer-commons/1.10.1/micrometer-commons-1.10.1.jar:/home/ayandat/.m2/repository/io/micrometer/micrometer-observation/1.10.1/micrometer-observation-1.10.1.jar:/home/ayandat/.m2/repository/org/hdrhistogram/HdrHistogram/2.1.12/HdrHistogram-2.1.12.jar:/home/ayandat/.m2/repository/org/latencyutils/LatencyUtils/2.0.3/LatencyUtils-2.0.3.jar:/home/ayandat/.m2/repository/io/micrometer/micrometer-jetty11/1.10.1/micrometer-jetty11-1.10.1.jar:/home/ayandat/.m2/repository/com/fasterxml/jackson/core/jackson-databind/2.14.0/jackson-databind-2.14.0.jar:/home/ayandat/.m2/repository/com/fasterxml/jackson/core/jackson-annotations/2.14.0/jackson-annotations-2.14.0.jar:/home/ayandat/.m2/repository/com/fasterxml/jackson/core/jackson-core/2.14.0/jackson-core-2.14.0.jar:/home/ayandat/.m2/repository/com/fasterxml/jackson/module/jackson-module-kotlin/2.14.0/jackson-module-kotlin-2.14.0.jar:/home/ayandat/.m2/repository/org/jetbrains/kotlin/kotlin-reflect/1.5.32/kotlin-reflect-1.5.32.jar:/home/ayandat/.m2/repository/com/fasterxml/jackson/datatype/jackson-datatype-jsr310/2.14.0/jackson-datatype-jsr310-2.14.0.jar:/home/ayandat/.m2/repository/com/nixxcode/jvmbrotli/jvmbrotli/0.2.0/jvmbrotli-0.2.0.jar:/home/ayandat/.m2/repository/com/nixxcode/jvmbrotli/jvmbrotli-linux-x86-amd64/0.2.0/jvmbrotli-linux-x86-amd64-0.2.0.jar:/home/ayandat/.m2/repository/org/eclipse/jetty/http2/http2-server/11.0.12/http2-server-11.0.12.jar:/home/ayandat/.m2/repository/org/eclipse/jetty/http2/http2-common/11.0.12/http2-common-11.0.12.jar:/home/ayandat/.m2/repository/org/eclipse/jetty/http2/http2-hpack/11.0.12/http2-hpack-11.0.12.jar:/home/ayandat/.m2/repository/org/eclipse/jetty/jetty-alpn-conscrypt-server/11.0.12/jetty-alpn-conscrypt-server-11.0.12.jar:/home/ayandat/.m2/repository/org/conscrypt/conscrypt-openjdk-uber/2.5.2/conscrypt-openjdk-uber-2.5.2.jar:/home/ayandat/.m2/repository/org/eclipse/jetty/jetty-alpn-server/11.0.12/jetty-alpn-server-11.0.12.jar:/home/ayandat/.m2/repository/org/eclipse/jetty/jetty-io/11.0.12/jetty-io-11.0.12.jar:/home/ayandat/.m2/repository/org/eclipse/jetty/jetty-util/11.0.12/jetty-util-11.0.12.jar:/home/ayandat/.m2/repository/ch/qos/logback/logback-classic/1.4.4/logback-classic-1.4.4.jar:/home/ayandat/.m2/repository/ch/qos/logback/logback-core/1.4.4/logback-core-1.4.4.jar:/home/ayandat/.m2/repository/org/jetbrains/kotlin/kotlin-stdlib-jdk8/1.7.10/kotlin-stdlib-jdk8-1.7.10.jar:/home/ayandat/.m2/repository/org/jetbrains/kotlin/kotlin-stdlib-jdk7/1.7.10/kotlin-stdlib-jdk7-1.7.10.jar:/home/ayandat/.m2/repository/io/javalin/javalin-rendering/5.2.0/javalin-rendering-5.2.0.jar:/home/ayandat/.m2/repository/org/jetbrains/kotlin/kotlin-stdlib/1.7.0/kotlin-stdlib-1.7.0.jar:/home/ayandat/.m2/repository/org/jetbrains/kotlin/kotlin-stdlib-common/1.7.0/kotlin-stdlib-common-1.7.0.jar:/home/ayandat/.m2/repository/org/jetbrains/annotations/13.0/annotations-13.0.jar:/home/ayandat/.m2/repository/io/javalin/community/openapi/javalin-openapi-plugin/5.2.0/javalin-openapi-plugin-5.2.0.jar:/home/ayandat/.m2/repository/io/javalin/community/openapi/openapi-specification/5.2.0/openapi-specification-5.2.0.jar:/home/ayandat/.m2/repository/io/javalin/community/openapi/javalin-swagger-plugin/5.2.0/javalin-swagger-plugin-5.2.0.jar:/home/ayandat/.m2/repository/org/webjars/swagger-ui/3.52.5/swagger-ui-3.52.5.jar:/home/ayandat/.m2/repository/com/google/code/gson/gson/2.10/gson-2.10.jar:/home/ayandat/.m2/repository/org/slf4j/slf4j-simple/2.0.4/slf4j-simple-2.0.4.jar:/home/ayandat/.m2/repository/org/slf4j/slf4j-api/2.0.4/slf4j-api-2.0.4.jar:/home/ayandat/.m2/repository/org/thymeleaf/thymeleaf/3.1.0.RELEASE/thymeleaf-3.1.0.RELEASE.jar:/home/ayandat/.m2/repository/ognl/ognl/3.3.4/ognl-3.3.4.jar:/home/ayandat/.m2/repository/org/javassist/javassist/3.29.0-GA/javassist-3.29.0-GA.jar:/home/ayandat/.m2/repository/org/attoparser/attoparser/2.0.6.RELEASE/attoparser-2.0.6.RELEASE.jar:/home/ayandat/.m2/repository/org/unbescape/unbescape/1.1.6.RELEASE/unbescape-1.1.6.RELEASE.jar:/home/ayandat/.m2/repository/nz/net/ultraq/thymeleaf/thymeleaf-layout-dialect/3.1.0/thymeleaf-layout-dialect-3.1.0.jar:/home/ayandat/.m2/repository/org/apache/groovy/groovy/4.0.0/groovy-4.0.0.jar:/home/ayandat/.m2/repository/nz/net/ultraq/groovy/groovy-extensions/2.0.0/groovy-extensions-2.0.0.jar:/home/ayandat/.m2/repository/nz/net/ultraq/thymeleaf/thymeleaf-expression-processor/3.1.0/thymeleaf-expression-processor-3.1.0.jar:/home/ayandat/.m2/repository/org/junit/jupiter/junit-jupiter-engine/5.9.0/junit-jupiter-engine-5.9.0.jar:/home/ayandat/.m2/repository/org/junit/platform/junit-platform-engine/1.9.0/junit-platform-engine-1.9.0.jar:/home/ayandat/.m2/repository/org/opentest4j/opentest4j/1.2.0/opentest4j-1.2.0.jar:/home/ayandat/.m2/repository/org/junit/platform/junit-platform-commons/1.9.0/junit-platform-commons-1.9.0.jar:/home/ayandat/.m2/repository/org/junit/jupiter/junit-jupiter-api/5.9.0/junit-jupiter-api-5.9.0.jar:/home/ayandat/.m2/repository/org/apiguardian/apiguardian-api/1.1.2/apiguardian-api-1.1.2.jar:/home/ayandat/.m2/repository/org/assertj/assertj-core/3.23.1/assertj-core-3.23.1.jar:/home/ayandat/.m2/repository/net/bytebuddy/byte-buddy/1.12.10/byte-buddy-1.12.10.jar:/home/ayandat/.m2/repository/com/google/guava/guava/31.1-jre/guava-31.1-jre.jar:/home/ayandat/.m2/repository/com/google/guava/failureaccess/1.0.1/failureaccess-1.0.1.jar:/home/ayandat/.m2/repository/com/google/guava/listenablefuture/9999.0-empty-to-avoid-conflict-with-guava/listenablefuture-9999.0-empty-to-avoid-conflict-with-guava.jar:/home/ayandat/.m2/repository/com/google/code/findbugs/jsr305/3.0.2/jsr305-3.0.2.jar:/home/ayandat/.m2/repository/org/checkerframework/checker-qual/3.12.0/checker-qual-3.12.0.jar:/home/ayandat/.m2/repository/com/google/errorprone/error_prone_annotations/2.11.0/error_prone_annotations-2.11.0.jar:/home/ayandat/.m2/repository/com/google/j2objc/j2objc-annotations/1.3/j2objc-annotations-1.3.jar:/home/ayandat/.m2/repository/org/javamoney/moneta/moneta-core/1.4.2/moneta-core-1.4.2.jar:/home/ayandat/.m2/repository/org/javamoney/moneta/moneta-convert/1.4.2/moneta-convert-1.4.2.jar:/home/ayandat/.m2/repository/org/javamoney/moneta/moneta-convert-imf/1.4.2/moneta-convert-imf-1.4.2.jar:/home/ayandat/.m2/repository/org/javamoney/moneta/moneta-convert-ecb/1.4.2/moneta-convert-ecb-1.4.2.jar:/home/ayandat/.m2/repository/javax/money/money-api/1.1/money-api-1.1.jar:/home/ayandat/.m2/repository/javax/annotation/javax.annotation-api/1.3.2/javax.annotation-api-1.3.2.jar:/home/ayandat/.m2/repository/commons-validator/commons-validator/1.7/commons-validator-1.7.jar:/home/ayandat/.m2/repository/commons-beanutils/commons-beanutils/1.9.4/commons-beanutils-1.9.4.jar:/home/ayandat/.m2/repository/commons-digester/commons-digester/2.1/commons-digester-2.1.jar:/home/ayandat/.m2/repository/commons-logging/commons-logging/1.2/commons-logging-1.2.jar:/home/ayandat/.m2/repository/commons-collections/commons-collections/3.2.2/commons-collections-3.2.2.jar:/home/ayandat/.m2/repository/org/apache/commons/commons-lang3/3.12.0/commons-lang3-3.12.0.jar:/home/ayandat/.m2/repository/com/konghq/unirest-java/3.13.13/unirest-java-3.13.13.jar:/home/ayandat/.m2/repository/org/apache/httpcomponents/httpclient/4.5.13/httpclient-4.5.13.jar:/home/ayandat/.m2/repository/org/apache/httpcomponents/httpcore/4.4.13/httpcore-4.4.13.jar:/home/ayandat/.m2/repository/org/apache/httpcomponents/httpmime/4.5.13/httpmime-4.5.13.jar:/home/ayandat/.m2/repository/org/apache/httpcomponents/httpcore-nio/4.4.13/httpcore-nio-4.4.13.jar:/home/ayandat/.m2/repository/org/apache/httpcomponents/httpasyncclient/4.1.5/httpasyncclient-4.1.5.jar:/home/ayandat/.m2/repository/commons-codec/commons-codec/1.15/commons-codec-1.15.jar:/home/ayandat/.m2/repository/com/konghq/unirest-objectmapper-jackson/3.13.13/unirest-objectmapper-jackson-3.13.13.jar:"/>
    <property name="java.vm.vendor" value="Ubuntu"/>
    <property name="sun.arch.data.model" value="64"/>
    <property name="java.vendor.url" value="https://ubuntu.com/"/>
    <property name="os.name" value="Linux"/>
    <property name="java.vm.specification.version" value="17"/>
    <property name="sun.java.launcher" value="SUN_STANDARD"/>
    <property name="user.country" value="ZA"/>
    <property name="sun.boot.library.path" value="/usr/lib/jvm/java-17-openjdk-amd64/lib"/>
    <property name="sun.java.command" value="/home/ayandat/Downloads/demofoTUT/target/surefire/surefirebooter10359411222673514025.jar /home/ayandat/Downloads/demofoTUT/target/surefire 2024-12-17T16-06-17_397-jvmRun1 surefire3323772088240617392tmp surefire_09403610503231446047tmp"/>
    <property name="jdk.debug" value="release"/>
    <property name="surefire.test.class.path" value="/home/ayandat/Downloads/demofoTUT/target/test-classes:/home/ayandat/Downloads/demofoTUT/target/classes:/home/ayandat/.m2/repository/javax/validation/validation-api/2.0.1.Final/validation-api-2.0.1.Final.jar:/home/ayandat/.m2/repository/io/javalin/javalin-bundle/5.2.0/javalin-bundle-5.2.0.jar:/home/ayandat/.m2/repository/io/javalin/javalin/5.2.0/javalin-5.2.0.jar:/home/ayandat/.m2/repository/org/eclipse/jetty/jetty-server/11.0.12/jetty-server-11.0.12.jar:/home/ayandat/.m2/repository/org/eclipse/jetty/toolchain/jetty-jakarta-servlet-api/5.0.2/jetty-jakarta-servlet-api-5.0.2.jar:/home/ayandat/.m2/repository/org/eclipse/jetty/jetty-http/11.0.12/jetty-http-11.0.12.jar:/home/ayandat/.m2/repository/org/eclipse/jetty/jetty-webapp/11.0.12/jetty-webapp-11.0.12.jar:/home/ayandat/.m2/repository/org/eclipse/jetty/jetty-servlet/11.0.12/jetty-servlet-11.0.12.jar:/home/ayandat/.m2/repository/org/eclipse/jetty/jetty-security/11.0.12/jetty-security-11.0.12.jar:/home/ayandat/.m2/repository/org/eclipse/jetty/jetty-xml/11.0.12/jetty-xml-11.0.12.jar:/home/ayandat/.m2/repository/org/eclipse/jetty/websocket/websocket-jetty-server/11.0.12/websocket-jetty-server-11.0.12.jar:/home/ayandat/.m2/repository/org/eclipse/jetty/websocket/websocket-jetty-common/11.0.12/websocket-jetty-common-11.0.12.jar:/home/ayandat/.m2/repository/org/eclipse/jetty/websocket/websocket-core-common/11.0.12/websocket-core-common-11.0.12.jar:/home/ayandat/.m2/repository/org/eclipse/jetty/websocket/websocket-servlet/11.0.12/websocket-servlet-11.0.12.jar:/home/ayandat/.m2/repository/org/eclipse/jetty/websocket/websocket-core-server/11.0.12/websocket-core-server-11.0.12.jar:/home/ayandat/.m2/repository/org/eclipse/jetty/jetty-annotations/11.0.12/jetty-annotations-11.0.12.jar:/home/ayandat/.m2/repository/org/eclipse/jetty/jetty-plus/11.0.12/jetty-plus-11.0.12.jar:/home/ayandat/.m2/repository/jakarta/transaction/jakarta.transaction-api/2.0.0/jakarta.transaction-api-2.0.0.jar:/home/ayandat/.m2/repository/org/eclipse/jetty/jetty-jndi/11.0.12/jetty-jndi-11.0.12.jar:/home/ayandat/.m2/repository/jakarta/annotation/jakarta.annotation-api/2.1.1/jakarta.annotation-api-2.1.1.jar:/home/ayandat/.m2/repository/org/ow2/asm/asm/9.3/asm-9.3.jar:/home/ayandat/.m2/repository/org/ow2/asm/asm-commons/9.3/asm-commons-9.3.jar:/home/ayandat/.m2/repository/org/ow2/asm/asm-tree/9.3/asm-tree-9.3.jar:/home/ayandat/.m2/repository/org/ow2/asm/asm-analysis/9.3/asm-analysis-9.3.jar:/home/ayandat/.m2/repository/org/eclipse/jetty/websocket/websocket-jetty-api/11.0.12/websocket-jetty-api-11.0.12.jar:/home/ayandat/.m2/repository/io/javalin/javalin-testtools/5.2.0/javalin-testtools-5.2.0.jar:/home/ayandat/.m2/repository/com/squareup/okhttp3/okhttp/4.10.0/okhttp-4.10.0.jar:/home/ayandat/.m2/repository/com/squareup/okio/okio-jvm/3.0.0/okio-jvm-3.0.0.jar:/home/ayandat/.m2/repository/io/javalin/javalin-micrometer/5.2.0/javalin-micrometer-5.2.0.jar:/home/ayandat/.m2/repository/io/micrometer/micrometer-core/1.10.1/micrometer-core-1.10.1.jar:/home/ayandat/.m2/repository/io/micrometer/micrometer-commons/1.10.1/micrometer-commons-1.10.1.jar:/home/ayandat/.m2/repository/io/micrometer/micrometer-observation/1.10.1/micrometer-observation-1.10.1.jar:/home/ayandat/.m2/repository/org/hdrhistogram/HdrHistogram/2.1.12/HdrHistogram-2.1.12.jar:/home/ayandat/.m2/repository/org/latencyutils/LatencyUtils/2.0.3/LatencyUtils-2.0.3.jar:/home/ayandat/.m2/repository/io/micrometer/micrometer-jetty11/1.10.1/micrometer-jetty11-1.10.1.jar:/home/ayandat/.m2/repository/com/fasterxml/jackson/core/jackson-databind/2.14.0/jackson-databind-2.14.0.jar:/home/ayandat/.m2/repository/com/fasterxml/jackson/core/jackson-annotations/2.14.0/jackson-annotations-2.14.0.jar:/home/ayandat/.m2/repository/com/fasterxml/jackson/core/jackson-core/2.14.0/jackson-core-2.14.0.jar:/home/ayandat/.m2/repository/com/fasterxml/jackson/module/jackson-module-kotlin/2.14.0/jackson-module-kotlin-2.14.0.jar:/home/ayandat/.m2/repository/org/jetbrains/kotlin/kotlin-reflect/1.5.32/kotlin-reflect-1.5.32.jar:/home/ayandat/.m2/repository/com/fasterxml/jackson/datatype/jackson-datatype-jsr310/2.14.0/jackson-datatype-jsr310-2.14.0.jar:/home/ayandat/.m2/repository/com/nixxcode/jvmbrotli/jvmbrotli/0.2.0/jvmbrotli-0.2.0.jar:/home/ayandat/.m2/repository/com/nixxcode/jvmbrotli/jvmbrotli-linux-x86-amd64/0.2.0/jvmbrotli-linux-x86-amd64-0.2.0.jar:/home/ayandat/.m2/repository/org/eclipse/jetty/http2/http2-server/11.0.12/http2-server-11.0.12.jar:/home/ayandat/.m2/repository/org/eclipse/jetty/http2/http2-common/11.0.12/http2-common-11.0.12.jar:/home/ayandat/.m2/repository/org/eclipse/jetty/http2/http2-hpack/11.0.12/http2-hpack-11.0.12.jar:/home/ayandat/.m2/repository/org/eclipse/jetty/jetty-alpn-conscrypt-server/11.0.12/jetty-alpn-conscrypt-server-11.0.12.jar:/home/ayandat/.m2/repository/org/conscrypt/conscrypt-openjdk-uber/2.5.2/conscrypt-openjdk-uber-2.5.2.jar:/home/ayandat/.m2/repository/org/eclipse/jetty/jetty-alpn-server/11.0.12/jetty-alpn-server-11.0.12.jar:/home/ayandat/.m2/repository/org/eclipse/jetty/jetty-io/11.0.12/jetty-io-11.0.12.jar:/home/ayandat/.m2/repository/org/eclipse/jetty/jetty-util/11.0.12/jetty-util-11.0.12.jar:/home/ayandat/.m2/repository/ch/qos/logback/logback-classic/1.4.4/logback-classic-1.4.4.jar:/home/ayandat/.m2/repository/ch/qos/logback/logback-core/1.4.4/logback-core-1.4.4.jar:/home/ayandat/.m2/repository/org/jetbrains/kotlin/kotlin-stdlib-jdk8/1.7.10/kotlin-stdlib-jdk8-1.7.10.jar:/home/ayandat/.m2/repository/org/jetbrains/kotlin/kotlin-stdlib-jdk7/1.7.10/kotlin-stdlib-jdk7-1.7.10.jar:/home/ayandat/.m2/repository/io/javalin/javalin-rendering/5.2.0/javalin-rendering-5.2.0.jar:/home/ayandat/.m2/repository/org/jetbrains/kotlin/kotlin-stdlib/1.7.0/kotlin-stdlib-1.7.0.jar:/home/ayandat/.m2/repository/org/jetbrains/kotlin/kotlin-stdlib-common/1.7.0/kotlin-stdlib-common-1.7.0.jar:/home/ayandat/.m2/repository/org/jetbrains/annotations/13.0/annotations-13.0.jar:/home/ayandat/.m2/repository/io/javalin/community/openapi/javalin-openapi-plugin/5.2.0/javalin-openapi-plugin-5.2.0.jar:/home/ayandat/.m2/repository/io/javalin/community/openapi/openapi-specification/5.2.0/openapi-specification-5.2.0.jar:/home/ayandat/.m2/repository/io/javalin/community/openapi/javalin-swagger-plugin/5.2.0/javalin-swagger-plugin-5.2.0.jar:/home/ayandat/.m2/repository/org/webjars/swagger-ui/3.52.5/swagger-ui-3.52.5.jar:/home/ayandat/.m2/repository/com/google/code/gson/gson/2.10/gson-2.10.jar:/home/ayandat/.m2/repository/org/slf4j/slf4j-simple/2.0.4/slf4j-simple-2.0.4.jar:/home/ayandat/.m2/repository/org/slf4j/slf4j-api/2.0.4/slf4j-api-2.0.4.jar:/home/ayandat/.m2/repository/org/thymeleaf/thymeleaf/3.1.0.RELEASE/thymeleaf-3.1.0.RELEASE.jar:/home/ayandat/.m2/repository/ognl/ognl/3.3.4/ognl-3.3.4.jar:/home/ayandat/.m2/repository/org/javassist/javassist/3.29.0-GA/javassist-3.29.0-GA.jar:/home/ayandat/.m2/repository/org/attoparser/attoparser/2.0.6.RELEASE/attoparser-2.0.6.RELEASE.jar:/home/ayandat/.m2/repository/org/unbescape/unbescape/1.1.6.RELEASE/unbescape-1.1.6.RELEASE.jar:/home/ayandat/.m2/repository/nz/net/ultraq/thymeleaf/thymeleaf-layout-dialect/3.1.0/thymeleaf-layout-dialect-3.1.0.jar:/home/ayandat/.m2/repository/org/apache/groovy/groovy/4.0.0/groovy-4.0.0.jar:/home/ayandat/.m2/repository/nz/net/ultraq/groovy/groovy-extensions/2.0.0/groovy-extensions-2.0.0.jar:/home/ayandat/.m2/repository/nz/net/ultraq/thymeleaf/thymeleaf-expression-processor/3.1.0/thymeleaf-expression-processor-3.1.0.jar:/home/ayandat/.m2/repository/org/junit/jupiter/junit-jupiter-engine/5.9.0/junit-jupiter-engine-5.9.0.jar:/home/ayandat/.m2/repository/org/junit/platform/junit-platform-engine/1.9.0/junit-platform-engine-1.9.0.jar:/home/ayandat/.m2/repository/org/opentest4j/opentest4j/1.2.0/opentest4j-1.2.0.jar:/home/ayandat/.m2/repository/org/junit/platform/junit-platform-commons/1.9.0/junit-platform-commons-1.9.0.jar:/home/ayandat/.m2/repository/org/junit/jupiter/junit-jupiter-api/5.9.0/junit-jupiter-api-5.9.0.jar:/home/ayandat/.m2/repository/org/apiguardian/apiguardian-api/1.1.2/apiguardian-api-1.1.2.jar:/home/ayandat/.m2/repository/org/assertj/assertj-core/3.23.1/assertj-core-3.23.1.jar:/home/ayandat/.m2/repository/net/bytebuddy/byte-buddy/1.12.10/byte-buddy-1.12.10.jar:/home/ayandat/.m2/repository/com/google/guava/guava/31.1-jre/guava-31.1-jre.jar:/home/ayandat/.m2/repository/com/google/guava/failureaccess/1.0.1/failureaccess-1.0.1.jar:/home/ayandat/.m2/repository/com/google/guava/listenablefuture/9999.0-empty-to-avoid-conflict-with-guava/listenablefuture-9999.0-empty-to-avoid-conflict-with-guava.jar:/home/ayandat/.m2/repository/com/google/code/findbugs/jsr305/3.0.2/jsr305-3.0.2.jar:/home/ayandat/.m2/repository/org/checkerframework/checker-qual/3.12.0/checker-qual-3.12.0.jar:/home/ayandat/.m2/repository/com/google/errorprone/error_prone_annotations/2.11.0/error_prone_annotations-2.11.0.jar:/home/ayandat/.m2/repository/com/google/j2objc/j2objc-annotations/1.3/j2objc-annotations-1.3.jar:/home/ayandat/.m2/repository/org/javamoney/moneta/moneta-core/1.4.2/moneta-core-1.4.2.jar:/home/ayandat/.m2/repository/org/javamoney/moneta/moneta-convert/1.4.2/moneta-convert-1.4.2.jar:/home/ayandat/.m2/repository/org/javamoney/moneta/moneta-convert-imf/1.4.2/moneta-convert-imf-1.4.2.jar:/home/ayandat/.m2/repository/org/javamoney/moneta/moneta-convert-ecb/1.4.2/moneta-convert-ecb-1.4.2.jar:/home/ayandat/.m2/repository/javax/money/money-api/1.1/money-api-1.1.jar:/home/ayandat/.m2/repository/javax/annotation/javax.annotation-api/1.3.2/javax.annotation-api-1.3.2.jar:/home/ayandat/.m2/repository/commons-validator/commons-validator/1.7/commons-validator-1.7.jar:/home/ayandat/.m2/repository/commons-beanutils/commons-beanutils/1.9.4/commons-beanutils-1.9.4.jar:/home/ayandat/.m2/repository/commons-digester/commons-digester/2.1/commons-digester-2.1.jar:/home/ayandat/.m2/repository/commons-logging/commons-logging/1.2/commons-logging-1.2.jar:/home/ayandat/.m2/repository/commons-collections/commons-collections/3.2.2/commons-collections-3.2.2.jar:/home/ayandat/.m2/repository/org/apache/commons/commons-lang3/3.12.0/commons-lang3-3.12.0.jar:/home/ayandat/.m2/repository/com/konghq/unirest-java/3.13.13/unirest-java-3.13.13.jar:/home/ayandat/.m2/repository/org/apache/httpcomponents/httpclient/4.5.13/httpclient-4.5.13.jar:/home/ayandat/.m2/repository/org/apache/httpcomponents/httpcore/4.4.13/httpcore-4.4.13.jar:/home/ayandat/.m2/repository/org/apache/httpcomponents/httpmime/4.5.13/httpmime-4.5.13.jar:/home/ayandat/.m2/repository/org/apache/httpcomponents/httpcore-nio/4.4.13/httpcore-nio-4.4.13.jar:/home/ayandat/.m2/repository/org/apache/httpcomponents/httpasyncclient/4.1.5/httpasyncclient-4.1.5.jar:/home/ayandat/.m2/repository/commons-codec/commons-codec/1.15/commons-codec-1.15.jar:/home/ayandat/.m2/repository/com/konghq/unirest-objectmapper-jackson/3.13.13/unirest-objectmapper-jackson-3.13.13.jar:"/>
    <property name="sun.cpu.endian" value="little"/>
    <property name="user.home" value="/home/ayandat"/>
    <property name="user.language" value="en"/>
    <property name="java.specification.vendor" value="Oracle Corporation"/>
    <property name="java.version.date" value="2024-10-15"/>
    <property name="java.home" value="/usr/lib/jvm/java-17-openjdk-amd64"/>
    <property name="file.separator" value="/"/>
    <property name="basedir" value="/home/ayandat/Downloads/demofoTUT"/>
    <property name="java.vm.compressedOopsMode" value="32-bit"/>
    <property name="line.separator" value="&#10;"/>
    <property name="java.vm.specification.vendor" value="Oracle Corporation"/>
    <property name="java.specification.name" value="Java Platform API Specification"/>
    <property name="surefire.real.class.path" value="/home/ayandat/Downloads/demofoTUT/target/surefire/surefirebooter10359411222673514025.jar"/>
    <property name="sun.management.compiler" value="HotSpot 64-Bit Tiered Compilers"/>
    <property name="java.runtime.version" value="17.0.13+11-Ubuntu-2ubuntu122.04"/>
    <property name="user.name" value="ayandat"/>
    <property name="path.separator" value=":"/>
    <property name="os.version" value="6.8.0-49-generic"/>
    <property name="java.runtime.name" value="OpenJDK Runtime Environment"/>
    <property name="file.encoding" value="UTF-8"/>
    <property name="java.vm.name" value="OpenJDK 64-Bit Server VM"/>
    <property name="localRepository" value="/home/ayandat/.m2/repository"/>
    <property name="java.vendor.url.bug" value="https://bugs.launchpad.net/ubuntu/+source/openjdk-17"/>
    <property name="java.io.tmpdir" value="/tmp"/>
    <property name="java.version" value="17.0.13"/>
    <property name="user.dir" value="/home/ayandat/Downloads/demofoTUT"/>
    <property name="os.arch" value="amd64"/>
    <property name="java.vm.specification.name" value="Java Virtual Machine Specification"/>
    <property name="native.encoding" value="UTF-8"/>
    <property name="java.library.path" value="/usr/java/packages/lib:/usr/lib/x86_64-linux-gnu/jni:/lib/x86_64-linux-gnu:/usr/lib/x86_64-linux-gnu:/usr/lib/jni:/lib:/usr/lib"/>
    <property name="java.vm.info" value="mixed mode, sharing"/>
    <property name="java.vendor" value="Ubuntu"/>
    <property name="java.vm.version" value="17.0.13+11-Ubuntu-2ubuntu122.04"/>
    <property name="java.specification.maintenance.version" value="1"/>
    <property name="sun.io.unicode.encoding" value="UnicodeLittle"/>
    <property name="java.class.version" value="61.0"/>
  </properties>
  <testcase name="fromExpense" classname="weshare.api.dto.ExpenseDTOTests" time="0.001"/>
</testsuite>